Determining if the pthread_create exist failed with the following output:
Change Dir: /org/cs/u7/y87feng/cs488/shared/glfw-3.1.1/build/CMakeFiles/CMakeTmp

Run Build Command:"/usr/bin/make" "cmTC_d2076/fast"
/usr/bin/make -f CMakeFiles/cmTC_d2076.dir/build.make CMakeFiles/cmTC_d2076.dir/build
make[1]: Entering directory '/org/cs/u7/y87feng/cs488/shared/glfw-3.1.1/build/CMakeFiles/CMakeTmp'
Building C object CMakeFiles/cmTC_d2076.dir/CheckSymbolExists.c.o
/usr/bin/cc     -o CMakeFiles/cmTC_d2076.dir/CheckSymbolExists.c.o   -c /org/cs/u7/y87feng/cs488/shared/glfw-3.1.1/build/CMakeFiles/CMakeTmp/CheckSymbolExists.c
Linking C executable cmTC_d2076
/usr/bin/cmake -E cmake_link_script CMakeFiles/cmTC_d2076.dir/link.txt --verbose=1
/usr/bin/cc       CMakeFiles/cmTC_d2076.dir/CheckSymbolExists.c.o  -o cmTC_d2076 -rdynamic 
CMakeFiles/cmTC_d2076.dir/CheckSymbolExists.c.o: In function `main':
CheckSymbolExists.c:(.text+0x16): undefined reference to `pthread_create'
collect2: error: ld returned 1 exit status
CMakeFiles/cmTC_d2076.dir/build.make:97: recipe for target 'cmTC_d2076' failed
make[1]: *** [cmTC_d2076] Error 1
make[1]: Leaving directory '/org/cs/u7/y87feng/cs488/shared/glfw-3.1.1/build/CMakeFiles/CMakeTmp'
Makefile:126: recipe for target 'cmTC_d2076/fast' failed
make: *** [cmTC_d2076/fast] Error 2

File /org/cs/u7/y87feng/cs488/shared/glfw-3.1.1/build/CMakeFiles/CMakeTmp/CheckSymbolExists.c:
/* */
#include <pthread.h>

int main(int argc, char** argv)
{
  (void)argv;
#ifndef pthread_create
  return ((int*)(&pthread_create))[argc];
#else
  (void)argc;
  return 0;
#endif
}

Determining if the function pthread_create exists in the pthreads failed with the following output:
Change Dir: /org/cs/u7/y87feng/cs488/shared/glfw-3.1.1/build/CMakeFiles/CMakeTmp

Run Build Command:"/usr/bin/make" "cmTC_b7141/fast"
/usr/bin/make -f CMakeFiles/cmTC_b7141.dir/build.make CMakeFiles/cmTC_b7141.dir/build
make[1]: Entering directory '/org/cs/u7/y87feng/cs488/shared/glfw-3.1.1/build/CMakeFiles/CMakeTmp'
Building C object CMakeFiles/cmTC_b7141.dir/CheckFunctionExists.c.o
/usr/bin/cc    -DCHECK_FUNCTION_EXISTS=pthread_create   -o CMakeFiles/cmTC_b7141.dir/CheckFunctionExists.c.o   -c /usr/share/cmake-3.5/Modules/CheckFunctionExists.c
Linking C executable cmTC_b7141
/usr/bin/cmake -E cmake_link_script CMakeFiles/cmTC_b7141.dir/link.txt --verbose=1
/usr/bin/cc   -DCHECK_FUNCTION_EXISTS=pthread_create    CMakeFiles/cmTC_b7141.dir/CheckFunctionExists.c.o  -o cmTC_b7141 -rdynamic -lpthreads 
/usr/bin/ld: cannot find -lpthreads
collect2: error: ld returned 1 exit status
CMakeFiles/cmTC_b7141.dir/build.make:97: recipe for target 'cmTC_b7141' failed
make[1]: *** [cmTC_b7141] Error 1
make[1]: Leaving directory '/org/cs/u7/y87feng/cs488/shared/glfw-3.1.1/build/CMakeFiles/CMakeTmp'
Makefile:126: recipe for target 'cmTC_b7141/fast' failed
make: *** [cmTC_b7141/fast] Error 2


Determining if the function glXGetProcAddressEXT exists failed with the following output:
Change Dir: /org/cs/u7/y87feng/cs488/shared/glfw-3.1.1/build/CMakeFiles/CMakeTmp

Run Build Command:"/usr/bin/make" "cmTC_2e0f0/fast"
/usr/bin/make -f CMakeFiles/cmTC_2e0f0.dir/build.make CMakeFiles/cmTC_2e0f0.dir/build
make[1]: Entering directory '/org/cs/u7/y87feng/cs488/shared/glfw-3.1.1/build/CMakeFiles/CMakeTmp'
Building C object CMakeFiles/cmTC_2e0f0.dir/CheckFunctionExists.c.o
/usr/bin/cc    -DCHECK_FUNCTION_EXISTS=glXGetProcAddressEXT   -o CMakeFiles/cmTC_2e0f0.dir/CheckFunctionExists.c.o   -c /usr/share/cmake-3.5/Modules/CheckFunctionExists.c
Linking C executable cmTC_2e0f0
/usr/bin/cmake -E cmake_link_script CMakeFiles/cmTC_2e0f0.dir/link.txt --verbose=1
/usr/bin/cc   -DCHECK_FUNCTION_EXISTS=glXGetProcAddressEXT    CMakeFiles/cmTC_2e0f0.dir/CheckFunctionExists.c.o  -o cmTC_2e0f0 -rdynamic /usr/lib/x86_64-linux-gnu/libGL.so 
CMakeFiles/cmTC_2e0f0.dir/CheckFunctionExists.c.o: In function `main':
CheckFunctionExists.c:(.text+0x15): undefined reference to `glXGetProcAddressEXT'
collect2: error: ld returned 1 exit status
CMakeFiles/cmTC_2e0f0.dir/build.make:98: recipe for target 'cmTC_2e0f0' failed
make[1]: *** [cmTC_2e0f0] Error 1
make[1]: Leaving directory '/org/cs/u7/y87feng/cs488/shared/glfw-3.1.1/build/CMakeFiles/CMakeTmp'
Makefile:126: recipe for target 'cmTC_2e0f0/fast' failed
make: *** [cmTC_2e0f0/fast] Error 2


